<?xml version="1.0" encoding="UTF-8"?>
<!-- Generated by org.testng.reporters.JUnitReportReporter -->
<testsuite skipped="0" hostname="LAPTOP-9BP8L8KK" name="qaclickacademy.Mavenjava.SeleniumTest" tests="2" failures="0" timestamp="2020-07-22T00:47:39 IST" time="0.006" errors="0">
  <testcase name="Browserautomation" time="0.005" classname="qaclickacademy.Mavenjava.SeleniumTest"/>
  <system-out/>
  <testcase name="ElementsUi" time="0.001" classname="qaclickacademy.Mavenjava.SeleniumTest"/>
  <system-out/>
</testsuite> <!-- qaclickacademy.Mavenjava.SeleniumTest -->
