<?xml version="1.0" encoding="UTF-8"?>
<!-- Generated by org.testng.reporters.JUnitReportReporter -->
<testsuite skipped="0" hostname="LAPTOP-9BP8L8KK" name="qaclickacademy.Mavenjava.RestAPITest" tests="2" failures="0" timestamp="2020-07-22T00:45:22 IST" time="0.006" errors="0">
  <testcase name="Postjira" time="0.000" classname="qaclickacademy.Mavenjava.RestAPITest"/>
  <system-out/>
  <testcase name="Deletetwitter" time="0.006" classname="qaclickacademy.Mavenjava.RestAPITest"/>
  <system-out/>
</testsuite> <!-- qaclickacademy.Mavenjava.RestAPITest -->
